<?xml version="1.0" encoding="UTF-8"?>
<!-- Generated by org.testng.reporters.JUnitReportReporter -->
<testsuite skipped="0" hostname="Jiangs-MacBook-Pro.local" name="com.inmind.utils.NewTest" tests="1" failures="0" timestamp="1 Nov 2016 08:20:05 GMT" time="0.007" errors="0">
  <testcase name="testByExcel_Body" time="0.007" classname="com.inmind.utils.NewTest"/>
</testsuite> <!-- com.inmind.utils.NewTest -->
