<?xml version="1.0" encoding="UTF-8"?>
<!-- Generated by org.testng.reporters.JUnitReportReporter -->
<testsuite skipped="1" hostname="Jiangs-MacBook-Pro.local" name="com.inmind.utils.MyTest" tests="1" failures="0" timestamp="1 Nov 2016 02:14:05 GMT" time="0.000" errors="0">
  <testcase name="testByExcel_Body" time="0.000" classname="com.inmind.utils.MyTest">
    <skipped/>
  </testcase> <!-- testByExcel_Body -->
</testsuite> <!-- com.inmind.utils.MyTest -->
